[2013-10-22 15:25:42] START
[2013-10-22 15:56:26] EDIT Homework_2/controllers/default.py: 1
[2013-10-22 15:56:28] EDIT Homework_2/controllers/default.py: 0
[2013-10-22 15:56:29] EDIT Homework_2/controllers/default.py: 0
[2013-10-22 15:58:24] EDIT Homework_2/views/default/index.html: -27
[2013-10-22 15:59:01] EDIT Homework_2/views/default/index.html: -1
[2013-10-22 15:59:34] EDIT Homework_2/controllers/default.py: -7
[2013-10-22 15:59:37] EDIT Homework_2/controllers/default.py: 0
[2013-10-22 15:59:38] EDIT Homework_2/controllers/default.py: 0
[2013-10-22 15:59:39] EDIT Homework_2/controllers/default.py: 0
[2013-10-22 15:59:39] EDIT Homework_2/controllers/default.py: 0
[2013-10-22 16:00:08] EDIT Homework_2/views/layout.html: -1
[2013-10-22 16:00:41] EDIT Homework_2/views/layout.html: -22
[2013-10-22 16:01:32] EDIT Homework_2/views/layout.html: -12
[2013-10-22 16:02:06] EDIT Homework_2/views/layout.html: -11
[2013-10-22 16:02:58] CREATE table.py: 0
[2013-10-22 16:11:01] EDIT Homework_2/models/table.py: 5
[2013-10-22 16:15:51] EDIT Homework_2/controllers/default.py: 1
[2013-10-22 16:16:20] EDIT Homework_2/views/default/index.html: 1
[2013-10-22 16:16:54] EDIT Homework_2/models/table.py: 0
[2013-10-22 16:17:21] EDIT Homework_2/models/table.py: 0
[2013-10-22 16:17:44] EDIT Homework_2/controllers/default.py: 0
[2013-10-22 16:18:07] EDIT Homework_2/controllers/default.py: 0
[2013-10-22 16:18:08] EDIT Homework_2/controllers/default.py: 0
[2013-10-22 16:18:08] EDIT Homework_2/controllers/default.py: 0
[2013-10-22 16:18:08] EDIT Homework_2/controllers/default.py: 0
[2013-10-22 16:18:09] EDIT Homework_2/controllers/default.py: 0
[2013-10-22 16:18:09] EDIT Homework_2/controllers/default.py: 0
[2013-10-22 16:18:09] EDIT Homework_2/controllers/default.py: 0
[2013-10-22 16:19:02] EDIT Homework_2/controllers/default.py: 0
[2013-10-22 16:20:04] EDIT Homework_2/controllers/default.py: 0
[2013-10-22 16:21:36] EDIT Homework_2/controllers/default.py: 0
[2013-10-22 16:35:48] CREATE add.html: 0
[2013-10-22 16:37:57] EDIT Homework_2/controllers/default.py: 6
[2013-10-22 16:38:01] EDIT Homework_2/controllers/default.py: 0
[2013-10-22 16:38:21] EDIT Homework_2/views/add.html: -1
[2013-10-22 16:39:50] EDIT Homework_2/views/default/index.html: 3
[2013-10-22 16:40:13] EDIT Homework_2/views/default/index.html: 0
[2013-10-22 16:40:36] EDIT Homework_2/views/default/index.html: 0
[2013-10-23 16:00:54] EDIT Homework_2/controllers/default.py: 0
[2013-10-23 16:01:30] EDIT Homework_2/controllers/default.py: 0
[2013-10-23 16:01:31] EDIT Homework_2/controllers/default.py: 0
[2013-10-23 16:01:31] EDIT Homework_2/controllers/default.py: 0
[2013-10-23 16:01:31] EDIT Homework_2/controllers/default.py: 0
[2013-10-23 16:04:45] EDIT Homework_2/controllers/default.py: 0
[2013-10-23 16:11:26] CREATE table_two.py: 0
[2013-10-23 16:14:37] EDIT Homework_2/models/table_two.py: 6
[2013-10-23 16:15:55] EDIT Homework_2/models/table_two.py: 1
[2013-10-23 16:16:43] EDIT Homework_2/models/table_two.py: 0
[2013-10-23 16:17:44] EDIT Homework_2/controllers/default.py: 1
[2013-10-23 16:18:00] EDIT Homework_2/controllers/default.py: 0
[2013-10-23 16:18:58] EDIT Homework_2/models/table_two.py: 0
[2013-10-23 16:19:55] EDIT Homework_2/models/table_two.py: 0
[2013-10-23 16:21:28] EDIT Homework_2/controllers/default.py: 6
[2013-10-23 16:21:50] CREATE add_other.html: 0
[2013-10-23 16:22:07] EDIT Homework_2/views/add_other.html: -1
[2013-10-23 16:22:26] EDIT Homework_2/views/add_other.html: 0
[2013-10-23 16:23:19] EDIT Homework_2/views/default/index.html: 1
[2013-10-23 16:24:00] EDIT Homework_2/views/default/index.html: 1
[2013-10-23 16:24:41] EDIT Homework_2/views/default/index.html: 0
[2013-10-23 16:27:44] EDIT Homework_2/models/table_two.py: 0
[2013-10-23 16:27:47] EDIT Homework_2/models/table_two.py: 0
[2013-10-23 16:28:17] EDIT Homework_2/models/table_two.py: 0
[2013-10-23 16:29:32] EDIT Homework_2/models/table_two.py: 0
[2013-10-23 16:34:31] EDIT Homework_2/models/table_two.py: 0
[2013-10-23 16:35:46] EDIT Homework_2/models/table_two.py: 0
[2013-10-29 21:10:27] EDIT Homework_2/controllers/default.py: 2
[2013-10-29 21:10:58] EDIT Homework_2/controllers/default.py: 0
[2013-10-29 21:11:20] EDIT Homework_2/controllers/default.py: 0
[2013-10-29 21:11:47] EDIT Homework_2/controllers/default.py: 0
[2013-10-30 10:15:15] EDIT Homework_2/views/default/index.html: 1
[2013-10-30 10:15:55] EDIT Homework_2/views/default/index.html: 0
[2013-10-30 10:17:19] EDIT Homework_2/views/default/index.html: 0
[2013-10-30 10:21:56] EDIT Homework_2/views/default/index.html: 0
[2013-10-30 10:25:36] EDIT Homework_2/views/default/index.html: 1
[2013-10-30 10:26:35] EDIT Homework_2/views/default/index.html: 1
[2013-10-30 10:27:48] EDIT Homework_2/views/default/index.html: 0
[2013-10-30 10:45:57] EDIT Homework_2/controllers/default.py: 0
[2013-10-30 10:46:25] EDIT Homework_2/controllers/default.py: 0
[2013-10-30 10:48:08] EDIT Homework_2/controllers/default.py: 0
[2013-10-30 10:48:52] EDIT Homework_2/controllers/default.py: 0
[2013-10-30 10:56:55] EDIT Homework_2/views/default/index.html: 2
[2013-10-30 10:57:38] EDIT Homework_2/views/default/index.html: -1
[2013-10-30 15:39:15] EDIT Homework_2/views/layout.html: 46
[2013-10-30 15:42:35] EDIT Homework_2/views/default/index.html: 1
[2013-10-30 15:45:42] EDIT Homework_2/controllers/default.py: 0
[2013-10-30 15:46:44] EDIT Homework_2/controllers/default.py: 2
[2013-10-30 15:50:27] EDIT Homework_2/models/table_two.py: 0
[2013-10-30 15:50:45] EDIT Homework_2/models/table_two.py: -1
[2013-10-30 15:51:10] EDIT Homework_2/models/table_two.py: 1
[2013-10-30 15:51:49] EDIT Homework_2/models/table_two.py: 0
[2013-10-30 15:52:07] EDIT Homework_2/models/table_two.py: 0
[2013-10-30 15:52:42] EDIT Homework_2/models/table_two.py: 0
[2013-10-30 15:52:42] EDIT Homework_2/models/table_two.py: 0
[2013-10-30 15:52:59] EDIT Homework_2/models/table_two.py: 0
[2013-10-30 15:53:46] EDIT Homework_2/controllers/default.py: 0
[2013-10-30 15:54:35] EDIT Homework_2/controllers/default.py: 0
[2013-10-30 15:56:00] EDIT Homework_2/controllers/default.py: 0
[2013-10-30 15:56:00] EDIT Homework_2/controllers/default.py: 0
[2013-10-30 15:58:09] EDIT Homework_2/models/table.py: 1
[2013-10-30 16:02:14] EDIT Homework_2/controllers/default.py: 0
[2013-10-30 16:04:16] EDIT Homework_2/controllers/default.py: 0
[2013-10-30 16:05:22] EDIT Homework_2/controllers/default.py: 0
[2013-10-30 16:06:33] EDIT Homework_2/controllers/default.py: 0
[2013-10-30 16:10:29] EDIT Homework_2/controllers/default.py: 0
[2013-10-30 16:14:52] EDIT Homework_2/controllers/default.py: 2
[2013-10-30 16:14:53] EDIT Homework_2/controllers/default.py: 0
[2013-10-30 16:14:53] EDIT Homework_2/controllers/default.py: 0
[2013-10-30 16:15:34] EDIT Homework_2/controllers/default.py: 0
[2013-10-30 16:15:34] EDIT Homework_2/controllers/default.py: 0
[2013-10-30 16:15:53] EDIT Homework_2/controllers/default.py: 0
[2013-10-30 16:15:53] EDIT Homework_2/controllers/default.py: 0
